-- Configuring done (0.0s)
-- Generating done (0.0s)
-- Build files have been written to: /home/rthu/l3/kernel-extraction/paddleLite/build
make[2]: Warning: File '/home/rthu/l3/kernel-extraction/paddleLite/test_arm_kernels_standalone.cc' has modification time 7020 s in the future
make[2]: Warning: File '/home/rthu/l3/kernel-extraction/paddleLite/test_arm_kernels_standalone.cc' has modification time 7020 s in the future
[  4%] Building CXX object CMakeFiles/test_arm_kernels_standalone.dir/test_arm_kernels_standalone.cc.o
[ 13%] Building CXX object CMakeFiles/test_arm_kernels_real.dir/lite/backends/arm/math/sgemm.cc.o
[ 17%] Building CXX object CMakeFiles/test_arm_kernels_real.dir/lite/backends/arm/math/gemm_prepacked_int8.cc.o
[ 17%] Building CXX object CMakeFiles/test_arm_kernels_real.dir/lite/backends/arm/math/norm.cc.o
[ 21%] Building CXX object CMakeFiles/test_arm_kernels_real.dir/lite/backends/arm/math/gemv_arm_int8.cc.o
[ 26%] Building CXX object CMakeFiles/test_arm_kernels_real.dir/lite/backends/arm/math/packed_sgemm.cc.o
[ 34%] Building CXX object CMakeFiles/test_arm_kernels_real.dir/lite/backends/arm/math/conv_winograd_3x3.cc.o
[ 34%] Building CXX object CMakeFiles/test_arm_kernels_real.dir/test_arm_kernels_standalone.cc.o
[ 39%] Building CXX object CMakeFiles/test_arm_kernels_real.dir/lite/backends/arm/math/sgemv.cc.o
[ 43%] Building CXX object CMakeFiles/test_arm_kernels_real.dir/lite/backends/arm/math/lstm.cc.o
[ 52%] Building CXX object CMakeFiles/test_arm_kernels_real.dir/lite/kernels/arm/group_norm_compute.cc.o
[ 52%] Building CXX object CMakeFiles/test_arm_kernels_real.dir/lite/kernels/arm/elementwise_compute.cc.o
[ 60%] Building CXX object CMakeFiles/test_arm_kernels_real.dir/lite/kernels/arm/batch_norm_compute.cc.o
[ 60%] Building CXX object CMakeFiles/test_arm_kernels_real.dir/lite/kernels/arm/gru_compute.cc.o
[ 78%] Building CXX object CMakeFiles/test_arm_kernels_real.dir/lite/kernels/arm/activation_compute.cc.o
[ 78%] Building CXX object CMakeFiles/test_arm_kernels_real.dir/lite/kernels/arm/conv_compute.cc.o
[ 78%] Building CXX object CMakeFiles/test_arm_kernels_real.dir/lite/kernels/arm/lstm_compute.cc.o
[ 78%] Building CXX object CMakeFiles/test_arm_kernels_real.dir/lite/kernels/arm/layer_norm_compute.cc.o
cc1plus: error: bad value (‘armv8-a+dotprod’) for ‘-march=’ switch
cc1plus: note: valid arguments to ‘-march=’ switch are: nocona core2 nehalem corei7 westmere sandybridge corei7-avx ivybridge core-avx-i haswell core-avx2 broadwell skylake skylake-avx512 cannonlake icelake-client rocketlake icelake-server cascadelake tigerlake cooperlake sapphirerapids alderlake bonnell atom silvermont slm goldmont goldmont-plus tremont knl knm x86-64 x86-64-v2 x86-64-v3 x86-64-v4 eden-x2 nano nano-1000 nano-2000 nano-3000 nano-x2 eden-x4 nano-x4 k8 k8-sse3 opteron opteron-sse3 athlon64 athlon64-sse3 athlon-fx amdfam10 barcelona bdver1 bdver2 bdver3 bdver4 znver1 znver2 znver3 znver4 btver1 btver2 native
make[2]: *** [CMakeFiles/test_arm_kernels_standalone.dir/build.make:76: CMakeFiles/test_arm_kernels_standalone.dir/test_arm_kernels_standalone.cc.o] Error 1
make[1]: *** [CMakeFiles/Makefile2:85: CMakeFiles/test_arm_kernels_standalone.dir/all] Error 2
make[1]: *** Waiting for unfinished jobs....
cc1plus: error: bad value (‘armv8-a+dotprod’) for ‘-march=’ switch
cc1plus: note: valid arguments to ‘-march=’ switch are: nocona core2 nehalem corei7 westmere sandybridge corei7-avx ivybridge core-avx-i haswell core-avx2 broadwell skylake skylake-avx512 cannonlake icelake-client rocketlake icelake-server cascadelake tigerlake cooperlake sapphirerapids alderlake bonnell atom silvermont slm goldmont goldmont-plus tremont knl knm x86-64 x86-64-v2 x86-64-v3 x86-64-v4 eden-x2 nano nano-1000 nano-2000 nano-3000 nano-x2 eden-x4 nano-x4 k8 k8-sse3 opteron opteron-sse3 athlon64 athlon64-sse3 athlon-fx amdfam10 barcelona bdver1 bdver2 bdver3 bdver4 znver1 znver2 znver3 znver4 btver1 btver2 native
[ 82%] Building CXX object CMakeFiles/test_arm_kernels_real.dir/lite/kernels/arm/fc_compute.cc.o
cc1plus: error: bad value (‘armv8-a+dotprod’) for ‘-march=’ switch
[ 86%] Building CXX object CMakeFiles/test_arm_kernels_real.dir/lite/kernels/arm/instance_norm_compute.cc.o
cc1plus: error: bad value (‘armv8-a+dotprod’) for ‘-march=’ switch
cc1plus: note: valid arguments to ‘-march=’ switch are: nocona core2 nehalem corei7 westmere sandybridge corei7-avx ivybridge core-avx-i haswell core-avx2 broadwell skylake skylake-avx512 cannonlake icelake-client rocketlake icelake-server cascadelake tigerlake cooperlake sapphirerapids alderlake bonnell atom silvermont slm goldmont goldmont-plus tremont knl knm x86-64 x86-64-v2 x86-64-v3 x86-64-v4 eden-x2 nano nano-1000 nano-2000 nano-3000 nano-x2 eden-x4 nano-x4 k8 k8-sse3 opteron opteron-sse3 athlon64 athlon64-sse3 athlon-fx amdfam10 barcelona bdver1 bdver2 bdver3 bdver4 znver1 znver2 znver3 znver4 btver1 btver2 native
cc1plus: error: bad value (‘armv8-a+dotprod’) for ‘-march=’ switch
cc1plus: note: valid arguments to ‘-march=’ switch are: nocona core2 nehalem corei7 westmere sandybridge corei7-avx ivybridge core-avx-i haswell core-avx2 broadwell skylake skylake-avx512 cannonlake icelake-client rocketlake icelake-server cascadelake tigerlake cooperlake sapphirerapids alderlake bonnell atom silvermont slm goldmont goldmont-plus tremont knl knm x86-64 x86-64-v2 x86-64-v3 x86-64-v4 eden-x2 nano nano-1000 nano-2000 nano-3000 nano-x2 eden-x4 nano-x4 k8 k8-sse3 opteron opteron-sse3 athlon64 athlon64-sse3 athlon-fx amdfam10 barcelona bdver1 bdver2 bdver3 bdver4 znver1 znver2 znver3 znver4 btver1 btver2 native
cc1plus: note: valid arguments to ‘-march=’ switch are: nocona core2 nehalem corei7 westmere sandybridge corei7-avx ivybridge core-avx-i haswell core-avx2 broadwell skylake skylake-avx512 cannonlake icelake-client rocketlake icelake-server cascadelake tigerlake cooperlake sapphirerapids alderlake bonnell atom silvermont slm goldmont goldmont-plus tremont knl knm x86-64 x86-64-v2 x86-64-v3 x86-64-v4 eden-x2 nano nano-1000 nano-2000 nano-3000 nano-x2 eden-x4 nano-x4 k8 k8-sse3 opteron opteron-sse3 athlon64 athlon64-sse3 athlon-fx amdfam10 barcelona bdver1 bdver2 bdver3 bdver4 znver1 znver2 znver3 znver4 btver1 btver2 native
cc1plus: error: bad value (‘armv8-a+dotprod’) for ‘-march=’ switch
cc1plus: note: valid arguments to ‘-march=’ switch are: nocona core2 nehalem corei7 westmere sandybridge corei7-avx ivybridge core-avx-i haswell core-avx2 broadwell skylake skylake-avx512 cannonlake icelake-client rocketlake icelake-server cascadelake tigerlake cooperlake sapphirerapids alderlake bonnell atom silvermont slm goldmont goldmont-plus tremont knl knm x86-64 x86-64-v2 x86-64-v3 x86-64-v4 eden-x2 nano nano-1000 nano-2000 nano-3000 nano-x2 eden-x4 nano-x4 k8 k8-sse3 opteron opteron-sse3 athlon64 athlon64-sse3 athlon-fx amdfam10 barcelona bdver1 bdver2 bdver3 bdver4 znver1 znver2 znver3 znver4 btver1 btver2 native
cc1plus: error: bad value (‘armv8-a+dotprod’) for ‘-march=’ switch
cc1plus: note: valid arguments to ‘-march=’ switch are: nocona core2 nehalem corei7 westmere sandybridge corei7-avx ivybridge core-avx-i haswell core-avx2 broadwell skylake skylake-avx512 cannonlake icelake-client rocketlake icelake-server cascadelake tigerlake cooperlake sapphirerapids alderlake bonnell atom silvermont slm goldmont goldmont-plus tremont knl knm x86-64 x86-64-v2 x86-64-v3 x86-64-v4 eden-x2 nano nano-1000 nano-2000 nano-3000 nano-x2 eden-x4 nano-x4 k8 k8-sse3 opteron opteron-sse3 athlon64 athlon64-sse3 athlon-fx amdfam10 barcelona bdver1 bdver2 bdver3 bdver4 znver1 znver2 znver3 znver4 btver1 btver2 native
cc1plus: error: bad value (‘armv8-a+dotprod’) for ‘-march=’ switch
cc1plus: note: valid arguments to ‘-march=’ switch are: nocona core2 nehalem corei7 westmere sandybridge corei7-avx ivybridge core-avx-i haswell core-avx2 broadwell skylake skylake-avx512 cannonlake icelake-client rocketlake icelake-server cascadelake tigerlake cooperlake sapphirerapids alderlake bonnell atom silvermont slm goldmont goldmont-plus tremont knl knm x86-64 x86-64-v2 x86-64-v3 x86-64-v4 eden-x2 nano nano-1000 nano-2000 nano-3000 nano-x2 eden-x4 nano-x4 k8 k8-sse3 opteron opteron-sse3 athlon64 athlon64-sse3 athlon-fx amdfam10 barcelona bdver1 bdver2 bdver3 bdver4 znver1 znver2 znver3 znver4 btver1 btver2 native
[ 91%] Building CXX object CMakeFiles/test_arm_kernels_real.dir/lite/kernels/arm/matmul_compute.cc.o
cc1plus: error: bad value (‘armv8-a+dotprod’) for ‘-march=’ switch
cc1plus: note: valid arguments to ‘-march=’ switch are: nocona core2 nehalem corei7 westmere sandybridge corei7-avx ivybridge core-avx-i haswell core-avx2 broadwell skylake skylake-avx512 cannonlake icelake-client rocketlake icelake-server cascadelake tigerlake cooperlake sapphirerapids alderlake bonnell atom silvermont slm goldmont goldmont-plus tremont knl knm x86-64 x86-64-v2 x86-64-v3 x86-64-v4 eden-x2 nano nano-1000 nano-2000 nano-3000 nano-x2 eden-x4 nano-x4 k8 k8-sse3 opteron opteron-sse3 athlon64 athlon64-sse3 athlon-fx amdfam10 barcelona bdver1 bdver2 bdver3 bdver4 znver1 znver2 znver3 znver4 btver1 btver2 native
cc1plus: error: bad value (‘armv8-a+dotprod’) for ‘-march=’ switch
cc1plus: note: valid arguments to ‘-march=’ switch are: nocona core2 nehalem corei7 westmere sandybridge corei7-avx ivybridge core-avx-i haswell core-avx2 broadwell skylake skylake-avx512 cannonlake icelake-client rocketlake icelake-server cascadelake tigerlake cooperlake sapphirerapids alderlake bonnell atom silvermont slm goldmont goldmont-plus tremont knl knm x86-64 x86-64-v2 x86-64-v3 x86-64-v4 eden-x2 nano nano-1000 nano-2000 nano-3000 nano-x2 eden-x4 nano-x4 k8 k8-sse3 opteron opteron-sse3 athlon64 athlon64-sse3 athlon-fx amdfam10 barcelona bdver1 bdver2 bdver3 bdver4 znver1 znver2 znver3 znver4 btver1 btver2 native
cc1plus: error: bad value (‘armv8-a+dotprod’) for ‘-march=’ switch
cc1plus: note: valid arguments to ‘-march=’ switch are: nocona core2 nehalem corei7 westmere sandybridge corei7-avx ivybridge core-avx-i haswell core-avx2 broadwell skylake skylake-avx512 cannonlake icelake-client rocketlake icelake-server cascadelake tigerlake cooperlake sapphirerapids alderlake bonnell atom silvermont slm goldmont goldmont-plus tremont knl knm x86-64 x86-64-v2 x86-64-v3 x86-64-v4 eden-x2 nano nano-1000 nano-2000 nano-3000 nano-x2 eden-x4 nano-x4 k8 k8-sse3 opteron opteron-sse3 athlon64 athlon64-sse3 athlon-fx amdfam10 barcelona bdver1 bdver2 bdver3 bdver4 znver1 znver2 znver3 znver4 btver1 btver2 native
cc1plus: error: bad value (‘armv8-a+dotprod’) for ‘-march=’ switch
cc1plus: note: valid arguments to ‘-march=’ switch are: nocona core2 nehalem corei7 westmere sandybridge corei7-avx ivybridge core-avx-i haswell core-avx2 broadwell skylake skylake-avx512 cannonlake icelake-client rocketlake icelake-server cascadelake tigerlake cooperlake sapphirerapids alderlake bonnell atom silvermont slm goldmont goldmont-plus tremont knl knm x86-64 x86-64-v2 x86-64-v3 x86-64-v4 eden-x2 nano nano-1000 nano-2000 nano-3000 nano-x2 eden-x4 nano-x4 k8 k8-sse3 opteron opteron-sse3 athlon64 athlon64-sse3 athlon-fx amdfam10 barcelona bdver1 bdver2 bdver3 bdver4 znver1 znver2 znver3 znver4 btver1 btver2 native
cc1plus: error: bad value (‘armv8-a+dotprod’) for ‘-march=’ switch
cc1plus: note: valid arguments to ‘-march=’ switch are: nocona core2 nehalem corei7 westmere sandybridge corei7-avx ivybridge core-avx-i haswell core-avx2 broadwell skylake skylake-avx512 cannonlake icelake-client rocketlake icelake-server cascadelake tigerlake cooperlake sapphirerapids alderlake bonnell atom silvermont slm goldmont goldmont-plus tremont knl knm x86-64 x86-64-v2 x86-64-v3 x86-64-v4 eden-x2 nano nano-1000 nano-2000 nano-3000 nano-x2 eden-x4 nano-x4 k8 k8-sse3 opteron opteron-sse3 athlon64 athlon64-sse3 athlon-fx amdfam10 barcelona bdver1 bdver2 bdver3 bdver4 znver1 znver2 znver3 znver4 btver1 btver2 native
cc1plus: error: bad value (‘armv8-a+dotprod’) for ‘-march=’ switch
cc1plus: note: valid arguments to ‘-march=’ switch are: nocona core2 nehalem corei7 westmere sandybridge corei7-avx ivybridge core-avx-i haswell core-avx2 broadwell skylake skylake-avx512 cannonlake icelake-client rocketlake icelake-server cascadelake tigerlake cooperlake sapphirerapids alderlake bonnell atom silvermont slm goldmont goldmont-plus tremont knl knm x86-64 x86-64-v2 x86-64-v3 x86-64-v4 eden-x2 nano nano-1000 nano-2000 nano-3000 nano-x2 eden-x4 nano-x4 k8 k8-sse3 opteron opteron-sse3 athlon64 athlon64-sse3 athlon-fx amdfam10 barcelona bdver1 bdver2 bdver3 bdver4 znver1 znver2 znver3 znver4 btver1 btver2 native
cc1plus: error: bad value (‘armv8-a+dotprod’) for ‘-march=’ switch
cc1plus: note: valid arguments to ‘-march=’ switch are: nocona core2 nehalem corei7 westmere sandybridge corei7-avx ivybridge core-avx-i haswell core-avx2 broadwell skylake skylake-avx512 cannonlake icelake-client rocketlake icelake-server cascadelake tigerlake cooperlake sapphirerapids alderlake bonnell atom silvermont slm goldmont goldmont-plus tremont knl knm x86-64 x86-64-v2 x86-64-v3 x86-64-v4 eden-x2 nano nano-1000 nano-2000 nano-3000 nano-x2 eden-x4 nano-x4 k8 k8-sse3 opteron opteron-sse3 athlon64 athlon64-sse3 athlon-fx amdfam10 barcelona bdver1 bdver2 bdver3 bdver4 znver1 znver2 znver3 znver4 btver1 btver2 native
make[2]: *** [CMakeFiles/test_arm_kernels_real.dir/build.make:146: CMakeFiles/test_arm_kernels_real.dir/lite/backends/arm/math/norm.cc.o] Error 1
make[2]: *** Waiting for unfinished jobs....
make[2]: *** [CMakeFiles/test_arm_kernels_real.dir/build.make:104: CMakeFiles/test_arm_kernels_real.dir/lite/backends/arm/math/gemm_prepacked_int8.cc.o] Error 1
make[2]: *** [CMakeFiles/test_arm_kernels_real.dir/build.make:90: CMakeFiles/test_arm_kernels_real.dir/lite/backends/arm/math/conv_winograd_3x3.cc.o] Error 1
make[2]: *** [CMakeFiles/test_arm_kernels_real.dir/build.make:118: CMakeFiles/test_arm_kernels_real.dir/lite/backends/arm/math/gemv_arm_int8.cc.o] Error 1
make[2]: *** [CMakeFiles/test_arm_kernels_real.dir/build.make:76: CMakeFiles/test_arm_kernels_real.dir/test_arm_kernels_standalone.cc.o] Error 1
make[2]: *** [CMakeFiles/test_arm_kernels_real.dir/build.make:132: CMakeFiles/test_arm_kernels_real.dir/lite/backends/arm/math/lstm.cc.o] Error 1
make[2]: *** [CMakeFiles/test_arm_kernels_real.dir/build.make:160: CMakeFiles/test_arm_kernels_real.dir/lite/backends/arm/math/packed_sgemm.cc.o] Error 1
make[2]: *** [CMakeFiles/test_arm_kernels_real.dir/build.make:174: CMakeFiles/test_arm_kernels_real.dir/lite/backends/arm/math/sgemm.cc.o] Error 1
make[2]: *** [CMakeFiles/test_arm_kernels_real.dir/build.make:188: CMakeFiles/test_arm_kernels_real.dir/lite/backends/arm/math/sgemv.cc.o] Error 1
make[2]: *** [CMakeFiles/test_arm_kernels_real.dir/build.make:202: CMakeFiles/test_arm_kernels_real.dir/lite/kernels/arm/activation_compute.cc.o] Error 1
make[2]: *** [CMakeFiles/test_arm_kernels_real.dir/build.make:216: CMakeFiles/test_arm_kernels_real.dir/lite/kernels/arm/batch_norm_compute.cc.o] Error 1
make[2]: *** [CMakeFiles/test_arm_kernels_real.dir/build.make:230: CMakeFiles/test_arm_kernels_real.dir/lite/kernels/arm/conv_compute.cc.o] Error 1
make[2]: *** [CMakeFiles/test_arm_kernels_real.dir/build.make:244: CMakeFiles/test_arm_kernels_real.dir/lite/kernels/arm/elementwise_compute.cc.o] Error 1
make[2]: *** [CMakeFiles/test_arm_kernels_real.dir/build.make:272: CMakeFiles/test_arm_kernels_real.dir/lite/kernels/arm/group_norm_compute.cc.o] Error 1
cc1plus: error: bad value (‘armv8-a+dotprod’) for ‘-march=’ switch
cc1plus: note: valid arguments to ‘-march=’ switch are: nocona core2 nehalem corei7 westmere sandybridge corei7-avx ivybridge core-avx-i haswell core-avx2 broadwell skylake skylake-avx512 cannonlake icelake-client rocketlake icelake-server cascadelake tigerlake cooperlake sapphirerapids alderlake bonnell atom silvermont slm goldmont goldmont-plus tremont knl knm x86-64 x86-64-v2 x86-64-v3 x86-64-v4 eden-x2 nano nano-1000 nano-2000 nano-3000 nano-x2 eden-x4 nano-x4 k8 k8-sse3 opteron opteron-sse3 athlon64 athlon64-sse3 athlon-fx amdfam10 barcelona bdver1 bdver2 bdver3 bdver4 znver1 znver2 znver3 znver4 btver1 btver2 native
cc1plus: error: bad value (‘armv8-a+dotprod’) for ‘-march=’ switch
cc1plus: note: valid arguments to ‘-march=’ switch are: nocona core2 nehalem corei7 westmere sandybridge corei7-avx ivybridge core-avx-i haswell core-avx2 broadwell skylake skylake-avx512 cannonlake icelake-client rocketlake icelake-server cascadelake tigerlake cooperlake sapphirerapids alderlake bonnell atom silvermont slm goldmont goldmont-plus tremont knl knm x86-64 x86-64-v2 x86-64-v3 x86-64-v4 eden-x2 nano nano-1000 nano-2000 nano-3000 nano-x2 eden-x4 nano-x4 k8 k8-sse3 opteron opteron-sse3 athlon64 athlon64-sse3 athlon-fx amdfam10 barcelona bdver1 bdver2 bdver3 bdver4 znver1 znver2 znver3 znver4 btver1 btver2 native
cc1plus: error: bad value (‘armv8-a+dotprod’) for ‘-march=’ switch
cc1plus: note: valid arguments to ‘-march=’ switch are: nocona core2 nehalem corei7 westmere sandybridge corei7-avx ivybridge core-avx-i haswell core-avx2 broadwell skylake skylake-avx512 cannonlake icelake-client rocketlake icelake-server cascadelake tigerlake cooperlake sapphirerapids alderlake bonnell atom silvermont slm goldmont goldmont-plus tremont knl knm x86-64 x86-64-v2 x86-64-v3 x86-64-v4 eden-x2 nano nano-1000 nano-2000 nano-3000 nano-x2 eden-x4 nano-x4 k8 k8-sse3 opteron opteron-sse3 athlon64 athlon64-sse3 athlon-fx amdfam10 barcelona bdver1 bdver2 bdver3 bdver4 znver1 znver2 znver3 znver4 btver1 btver2 native
make[2]: *** [CMakeFiles/test_arm_kernels_real.dir/build.make:286: CMakeFiles/test_arm_kernels_real.dir/lite/kernels/arm/gru_compute.cc.o] Error 1
cc1plus: error: bad value (‘armv8-a+dotprod’) for ‘-march=’ switch
cc1plus: error: bad value (‘armv8-a+dotprod’) for ‘-march=’ switch
cc1plus: note: valid arguments to ‘-march=’ switch are: nocona core2 nehalem corei7 westmere sandybridge corei7-avx ivybridge core-avx-i haswell core-avx2 broadwell skylake skylake-avx512 cannonlake icelake-client rocketlake icelake-server cascadelake tigerlake cooperlake sapphirerapids alderlake bonnell atom silvermont slm goldmont goldmont-plus tremont knl knm x86-64 x86-64-v2 x86-64-v3 x86-64-v4 eden-x2 nano nano-1000 nano-2000 nano-3000 nano-x2 eden-x4 nano-x4 k8 k8-sse3 opteron opteron-sse3 athlon64 athlon64-sse3 athlon-fx amdfam10 barcelona bdver1 bdver2 bdver3 bdver4 znver1 znver2 znver3 znver4 btver1 btver2 native
cc1plus: note: valid arguments to ‘-march=’ switch are: nocona core2 nehalem corei7 westmere sandybridge corei7-avx ivybridge core-avx-i haswell core-avx2 broadwell skylake skylake-avx512 cannonlake icelake-client rocketlake icelake-server cascadelake tigerlake cooperlake sapphirerapids alderlake bonnell atom silvermont slm goldmont goldmont-plus tremont knl knm x86-64 x86-64-v2 x86-64-v3 x86-64-v4 eden-x2 nano nano-1000 nano-2000 nano-3000 nano-x2 eden-x4 nano-x4 k8 k8-sse3 opteron opteron-sse3 athlon64 athlon64-sse3 athlon-fx amdfam10 barcelona bdver1 bdver2 bdver3 bdver4 znver1 znver2 znver3 znver4 btver1 btver2 native
make[2]: *** [CMakeFiles/test_arm_kernels_real.dir/build.make:258: CMakeFiles/test_arm_kernels_real.dir/lite/kernels/arm/fc_compute.cc.o] Error 1
make[2]: *** [CMakeFiles/test_arm_kernels_real.dir/build.make:314: CMakeFiles/test_arm_kernels_real.dir/lite/kernels/arm/layer_norm_compute.cc.o] Error 1
make[2]: *** [CMakeFiles/test_arm_kernels_real.dir/build.make:300: CMakeFiles/test_arm_kernels_real.dir/lite/kernels/arm/instance_norm_compute.cc.o] Error 1
make[2]: *** [CMakeFiles/test_arm_kernels_real.dir/build.make:328: CMakeFiles/test_arm_kernels_real.dir/lite/kernels/arm/lstm_compute.cc.o] Error 1
cc1plus: error: bad value (‘armv8-a+dotprod’) for ‘-march=’ switch
cc1plus: note: valid arguments to ‘-march=’ switch are: nocona core2 nehalem corei7 westmere sandybridge corei7-avx ivybridge core-avx-i haswell core-avx2 broadwell skylake skylake-avx512 cannonlake icelake-client rocketlake icelake-server cascadelake tigerlake cooperlake sapphirerapids alderlake bonnell atom silvermont slm goldmont goldmont-plus tremont knl knm x86-64 x86-64-v2 x86-64-v3 x86-64-v4 eden-x2 nano nano-1000 nano-2000 nano-3000 nano-x2 eden-x4 nano-x4 k8 k8-sse3 opteron opteron-sse3 athlon64 athlon64-sse3 athlon-fx amdfam10 barcelona bdver1 bdver2 bdver3 bdver4 znver1 znver2 znver3 znver4 btver1 btver2 native
make[2]: *** [CMakeFiles/test_arm_kernels_real.dir/build.make:342: CMakeFiles/test_arm_kernels_real.dir/lite/kernels/arm/matmul_compute.cc.o] Error 1
make[1]: *** [CMakeFiles/Makefile2:111: CMakeFiles/test_arm_kernels_real.dir/all] Error 2
make: *** [Makefile:91: all] Error 2
